<?xml version="1.0" encoding="UTF-8"?>
<!-- Generated by org.testng.reporters.JUnitXMLReporter -->
<testsuite ignored="2" hostname="LAPTOP-1R5D9T55" failures="0" tests="1" name="Default test" time="9.004" errors="0" timestamp="2025-09-17T16:35:46 IST">
  <testcase classname="testscripts.AdminUserTest" name="verifyUserisAbleToSearchAnewlyAddedUser" time="4.052"/>
  <testcase classname="testscripts.AdminUserTest" name="VerifyWhetherAdminUserisabletoAddNewUser" time="0.0">
    <ignored/>
  </testcase> <!-- VerifyWhetherAdminUserisabletoAddNewUser -->
  <testcase classname="testscripts.AdminUserTest" name="verifyUserisAbleToResetANewlyAddedUser" time="0.0">
    <ignored/>
  </testcase> <!-- verifyUserisAbleToResetANewlyAddedUser -->
</testsuite> <!-- Default test -->
