<?xml version="1.0" encoding="UTF-8"?>
<!-- Generated by org.testng.reporters.JUnitXMLReporter -->
<testsuite ignored="2" hostname="LAPTOP-1R5D9T55" failures="0" tests="1" name="Default test" time="11.475" errors="0" timestamp="2025-09-13T14:15:24 IST">
  <testcase classname="testscripts.AdminUserTest" name="VerifyWhetherAdminUserisabletoAddNewUser" time="4.904"/>
  <testcase classname="testscripts.AdminUserTest" name="verifyUserisAbleToResetANewlyAddedUser" time="0.0">
    <ignored/>
  </testcase> <!-- verifyUserisAbleToResetANewlyAddedUser -->
  <testcase classname="testscripts.AdminUserTest" name="verifyUserisAbleToSearchAnewlyAddedUser" time="0.0">
    <ignored/>
  </testcase> <!-- verifyUserisAbleToSearchAnewlyAddedUser -->
</testsuite> <!-- Default test -->
