<?xml version="1.0" encoding="UTF-8"?>
<!-- Generated by org.testng.reporters.JUnitXMLReporter -->
<testsuite ignored="2" hostname="LAPTOP-1R5D9T55" failures="0" tests="1" name="Test1" time="6.256" errors="0" timestamp="2025-09-23T15:20:11 IST">
  <testcase classname="testscripts.ManageNewsTest" name="verifyAUserisAbleTOAddNews" time="2.646"/>
  <testcase classname="testscripts.ManageNewsTest" name="verifyUserIsAbleToResetNewsField" time="0.0">
    <ignored/>
  </testcase> <!-- verifyUserIsAbleToResetNewsField -->
  <testcase classname="testscripts.ManageNewsTest" name="verifyUserIsAbleTOSearchNews" time="0.0">
    <ignored/>
  </testcase> <!-- verifyUserIsAbleTOSearchNews -->
</testsuite> <!-- Test1 -->
