<?xml version="1.0" encoding="UTF-8"?>
<!-- Generated by org.testng.reporters.JUnitXMLReporter -->
<testsuite ignored="2" hostname="LAPTOP-1R5D9T55" failures="0" tests="1" name="Test" time="5.673" errors="0" timestamp="2025-09-23T12:09:06 IST">
  <testcase classname="testscripts.AdminUserTest" name="verifyUserisAbleToSearchAnewlyAddedUser" time="1.74"/>
  <testcase classname="testscripts.AdminUserTest" name="VerifyWhetherAdminUserisabletoAddNewUser" time="0.0">
    <ignored/>
  </testcase> <!-- VerifyWhetherAdminUserisabletoAddNewUser -->
  <testcase classname="testscripts.AdminUserTest" name="verifyUserisAbleToResetANewlyAddedUser" time="0.0">
    <ignored/>
  </testcase> <!-- verifyUserisAbleToResetANewlyAddedUser -->
</testsuite> <!-- Test -->
