<?xml version="1.0" encoding="UTF-8"?>
<!-- Generated by org.testng.reporters.JUnitXMLReporter -->
<testsuite ignored="0" hostname="LAPTOP-1R5D9T55" failures="0" tests="13" name="Test" time="99.043" errors="0" timestamp="2025-09-26T11:43:53 IST">
  <testcase classname="testscripts.LoginTest" name="verifyUserLoginWithValidCredentials" time="3.368"/>
  <testcase classname="testscripts.LoginTest" name="verifyUserLoginWithValidUsernameAndInvalidPassword" time="0.673"/>
  <testcase classname="testscripts.LoginTest" name="verifyUserLoginWithValidUsernameAndInvalidPassword" time="0.365"/>
  <testcase classname="testscripts.LoginTest" name="verifyUserLoginWithInvalidUsernameAndInvalidPassword" time="1.304"/>
  <testcase classname="testscripts.LoginTest" name="verifyUserLoginWithInvalidUsernameAndValidPassword" time="1.526"/>
  <testcase classname="testscripts.LoginTest" name="verifyUserLoginWithBlankUsernameAndBlankPassword" time="0.163"/>
  <testcase classname="testscripts.HomeTest" name="verifyUserisabletoLogout" time="1.734"/>
  <testcase classname="testscripts.AdminUserTest" name="VerifyWhetherAdminUserisabletoAddNewUser" time="5.329"/>
  <testcase classname="testscripts.AdminUserTest" name="verifyUserisAbleToResetANewlyAddedUser" time="2.698"/>
  <testcase classname="testscripts.AdminUserTest" name="verifyUserisAbleToSearchAnewlyAddedUser" time="3.197"/>
  <testcase classname="testscripts.ManageNewsTest" name="verifyAUserisAbleTOAddNews" time="6.037"/>
  <testcase classname="testscripts.ManageNewsTest" name="verifyUserIsAbleToResetNewsField" time="1.799"/>
  <testcase classname="testscripts.ManageNewsTest" name="verifyUserIsAbleTOSearchNews" time="4.124"/>
</testsuite> <!-- Test -->
