<?xml version="1.0" encoding="UTF-8"?>
<testng-results ignored="0" total="1" passed="1" failed="0" skipped="0">
  <reporter-output>
  </reporter-output>
  <suite started-at="2025-09-13T14:15:13 IST" name="Default suite" finished-at="2025-09-13T14:15:24 IST" duration-ms="11475">
    <groups>
    </groups>
    <test started-at="2025-09-13T14:15:13 IST" name="Default test" finished-at="2025-09-13T14:15:24 IST" duration-ms="11475">
      <class name="testscripts.AdminUserTest">
        <test-method is-config="true" signature="initializeBrowser()[pri:0, instance:testscripts.AdminUserTest@3b69e7d1]" started-at="2025-09-13T14:15:13 IST" name="initializeBrowser" finished-at="2025-09-13T14:15:19 IST" duration-ms="6474" status="PASS">
          <reporter-output>
          </reporter-output>
        </test-method> <!-- initializeBrowser -->
        <test-method signature="VerifyWhetherAdminUserisabletoAddNewUser()[pri:0, instance:testscripts.AdminUserTest@3b69e7d1]" started-at="2025-09-13T14:15:19 IST" name="VerifyWhetherAdminUserisabletoAddNewUser" finished-at="2025-09-13T14:15:24 IST" duration-ms="4904" status="PASS">
          <reporter-output>
          </reporter-output>
        </test-method> <!-- VerifyWhetherAdminUserisabletoAddNewUser -->
        <test-method is-config="true" signature="driverQuit(org.testng.ITestResult)[pri:0, instance:testscripts.AdminUserTest@3b69e7d1]" started-at="2025-09-13T14:15:24 IST" name="driverQuit" finished-at="2025-09-13T14:15:24 IST" duration-ms="6" status="PASS">
          <params>
            <param index="0">
              <value>
                <![CDATA[[TestResult name=VerifyWhetherAdminUserisabletoAddNewUser status=SUCCESS method=AdminUserTest.VerifyWhetherAdminUserisabletoAddNewUser()[pri:0, instance:testscripts.AdminUserTest@3b69e7d1] output={null}]]]>
              </value>
            </param>
          </params>
          <reporter-output>
          </reporter-output>
        </test-method> <!-- driverQuit -->
      </class> <!-- testscripts.AdminUserTest -->
    </test> <!-- Default test -->
  </suite> <!-- Default suite -->
</testng-results>
