<?xml version="1.0" encoding="UTF-8"?>
<testng-results ignored="0" total="1" passed="1" failed="0" skipped="0">
  <reporter-output>
  </reporter-output>
  <suite started-at="2025-09-17T16:35:37 IST" name="Default suite" finished-at="2025-09-17T16:35:46 IST" duration-ms="9004">
    <groups>
    </groups>
    <test started-at="2025-09-17T16:35:37 IST" name="Default test" finished-at="2025-09-17T16:35:46 IST" duration-ms="9004">
      <class name="testscripts.AdminUserTest">
        <test-method is-config="true" signature="initializeBrowser()[pri:0, instance:testscripts.AdminUserTest@7e6f74c]" started-at="2025-09-17T16:35:37 IST" name="initializeBrowser" finished-at="2025-09-17T16:35:42 IST" duration-ms="4903" status="PASS">
          <reporter-output>
          </reporter-output>
        </test-method> <!-- initializeBrowser -->
        <test-method signature="verifyUserisAbleToSearchAnewlyAddedUser()[pri:0, instance:testscripts.AdminUserTest@7e6f74c]" started-at="2025-09-17T16:35:42 IST" name="verifyUserisAbleToSearchAnewlyAddedUser" finished-at="2025-09-17T16:35:46 IST" duration-ms="4052" status="PASS">
          <reporter-output>
          </reporter-output>
        </test-method> <!-- verifyUserisAbleToSearchAnewlyAddedUser -->
        <test-method is-config="true" signature="driverQuit(org.testng.ITestResult)[pri:0, instance:testscripts.AdminUserTest@7e6f74c]" started-at="2025-09-17T16:35:46 IST" name="driverQuit" finished-at="2025-09-17T16:35:46 IST" duration-ms="5" status="PASS">
          <params>
            <param index="0">
              <value>
                <![CDATA[[TestResult name=verifyUserisAbleToSearchAnewlyAddedUser status=SUCCESS method=AdminUserTest.verifyUserisAbleToSearchAnewlyAddedUser()[pri:0, instance:testscripts.AdminUserTest@7e6f74c] output={null}]]]>
              </value>
            </param>
          </params>
          <reporter-output>
          </reporter-output>
        </test-method> <!-- driverQuit -->
      </class> <!-- testscripts.AdminUserTest -->
    </test> <!-- Default test -->
  </suite> <!-- Default suite -->
</testng-results>
